<?xml version="1.0" encoding="UTF-8"?>
<!-- Generated by org.testng.reporters.JUnitReportReporter -->
<testsuite hostname="exa-2023-12-14" failures="0" tests="1" name="newVTdemo.testScripts.takeScreenS" time="38.022" errors="0" timestamp="2024-02-05T11:56:08 IST" skipped="0">
  <testcase classname="newVTdemo.testScripts.takeScreenS" name="saveSS" time="38.022"/>
  <system-out/>
</testsuite> <!-- newVTdemo.testScripts.takeScreenS -->
