<?xml version="1.0" encoding="UTF-8"?>
<!-- Generated by org.testng.reporters.JUnitReportReporter -->
<testsuite hostname="exa-2023-12-14" failures="0" tests="1" name="newVTdemo.testScripts.compareTest5" time="7.377" errors="0" timestamp="2024-02-05T12:18:05 IST" skipped="0">
  <testcase classname="newVTdemo.testScripts.compareTest5" name="compFilterPage" time="7.377"/>
  <system-out/>
</testsuite> <!-- newVTdemo.testScripts.compareTest5 -->
