<?xml version="1.0" encoding="UTF-8"?>
<!-- Generated by org.testng.reporters.JUnitReportReporter -->
<testsuite hostname="exa-2023-12-14" failures="0" tests="1" name="com.tvsaccelerator.testscripts.takescreenshot" time="42.259" errors="0" timestamp="2024-02-07T15:02:20 IST" skipped="0">
  <testcase classname="com.tvsaccelerator.testscripts.takescreenshot" name="saveSS" time="42.259"/>
  <system-out/>
</testsuite> <!-- com.tvsaccelerator.testscripts.takescreenshot -->
