<?xml version="1.0" encoding="UTF-8"?>
<!-- Generated by org.testng.reporters.JUnitReportReporter -->
<testsuite hostname="exa-2023-12-14" failures="0" tests="1" name="newVTdemo.testScripts.takeScreenshot" time="10.977" errors="0" timestamp="2024-02-01T12:00:10 IST" skipped="0">
  <testcase classname="newVTdemo.testScripts.takeScreenshot" name="compHomePageSS" time="10.977"/>
  <system-out/>
</testsuite> <!-- newVTdemo.testScripts.takeScreenshot -->
