<?xml version="1.0" encoding="UTF-8"?>
<!-- Generated by org.testng.reporters.JUnitReportReporter -->
<testsuite hostname="exa-2023-12-14" failures="0" tests="1" name="newVTdemo.testScripts.compareTest3" time="6.613" errors="0" timestamp="2024-02-05T12:10:48 IST" skipped="0">
  <testcase classname="newVTdemo.testScripts.compareTest3" name="compMissedtaskPage" time="6.613"/>
  <system-out/>
</testsuite> <!-- newVTdemo.testScripts.compareTest3 -->
