<?xml version="1.0" encoding="UTF-8"?>
<!-- Generated by org.testng.reporters.JUnitReportReporter -->
<testsuite hostname="exa-2023-12-14" failures="0" tests="5" name="com.tvsaccelerator.testscripts.compareScreenshot" time="29.436" errors="0" timestamp="2024-02-08T10:46:43 IST" skipped="0">
  <testcase classname="com.tvsaccelerator.testscripts.compareScreenshot" name="comparehomePage" time="9.813"/>
  <system-out/>
  <testcase classname="com.tvsaccelerator.testscripts.compareScreenshot" name="comparefilterPage" time="6.928"/>
  <system-out/>
  <testcase classname="com.tvsaccelerator.testscripts.compareScreenshot" name="compareMissedtaskPage" time="2.746"/>
  <system-out/>
  <testcase classname="com.tvsaccelerator.testscripts.compareScreenshot" name="compareLanguagePage" time="5.453"/>
  <system-out/>
  <testcase classname="com.tvsaccelerator.testscripts.compareScreenshot" name="comparecreateEnquiryPage" time="4.496"/>
  <system-out/>
</testsuite> <!-- com.tvsaccelerator.testscripts.compareScreenshot -->
