<?xml version="1.0" encoding="UTF-8"?>
<!-- Generated by org.testng.reporters.JUnitReportReporter -->
<testsuite hostname="exa-2023-12-14" failures="0" tests="1" name="newVTdemo.testScripts.CompareScreenshot" time="6.607" errors="0" timestamp="2024-02-05T12:06:09 IST" skipped="0">
  <testcase classname="newVTdemo.testScripts.CompareScreenshot" name="compHomePageSS" time="6.607"/>
  <system-out/>
</testsuite> <!-- newVTdemo.testScripts.CompareScreenshot -->
