<?xml version="1.0" encoding="UTF-8"?>
<!-- Generated by org.testng.reporters.JUnitReportReporter -->
<testsuite hostname="exa-2023-12-14" failures="0" tests="1" name="demoVTest.testscripts.hi" time="0.003" errors="0" timestamp="2024-01-25T12:56:26 IST" skipped="0">
  <testcase classname="demoVTest.testscripts.hi" name="test" time="0.003"/>
  <system-out/>
</testsuite> <!-- demoVTest.testscripts.hi -->
