<?xml version="1.0" encoding="UTF-8"?>
<!-- Generated by org.testng.reporters.JUnitReportReporter -->
<testsuite hostname="exa-2023-12-13" failures="0" tests="1" name="com.utils.ComparisionUtility" time="0.737" errors="0" timestamp="2024-01-24T11:59:09 IST" skipped="0">
  <testcase classname="com.utils.ComparisionUtility" name="CompareImages" time="0.737"/>
</testsuite> <!-- com.utils.ComparisionUtility -->
