<?xml version="1.0" encoding="UTF-8"?>
<!-- Generated by org.testng.reporters.JUnitReportReporter -->
<testsuite hostname="exa-2023-12-14" failures="0" tests="1" name="newVTdemo.testScripts.compareTest2" time="9.166" errors="0" timestamp="2024-02-05T12:06:44 IST" skipped="0">
  <testcase classname="newVTdemo.testScripts.compareTest2" name="compLanguagePage" time="9.166"/>
  <system-out/>
</testsuite> <!-- newVTdemo.testScripts.compareTest2 -->
