<?xml version="1.0" encoding="UTF-8"?>
<!-- Generated by org.testng.reporters.JUnitReportReporter -->
<testsuite hostname="exa-2023-12-13" failures="0" tests="1" name="com.pageobjects.ShadowDomExample" time="3.852" errors="0" timestamp="2024-01-09T14:45:22 IST" skipped="0">
  <testcase classname="com.pageobjects.ShadowDomExample" name="Testcase" time="3.852"/>
</testsuite> <!-- com.pageobjects.ShadowDomExample -->
