<?xml version="1.0" encoding="UTF-8"?>
<!-- Generated by org.testng.reporters.JUnitReportReporter -->
<testsuite hostname="exa-2023-12-14" failures="0" tests="1" name="newVTdemocompareSS.testScripts.compareTest5" time="7.353" errors="0" timestamp="2024-02-05T12:47:23 IST" skipped="0">
  <testcase classname="newVTdemocompareSS.testScripts.compareTest5" name="compFilterPage" time="7.353"/>
  <system-out/>
</testsuite> <!-- newVTdemocompareSS.testScripts.compareTest5 -->
