<?xml version="1.0" encoding="UTF-8"?>
<!-- Generated by org.testng.reporters.JUnitReportReporter -->
<testsuite hostname="exa-2023-12-13" failures="0" tests="1" name="com.testcases.DashboardPage" time="19.545" errors="0" timestamp="2024-01-05T15:28:35 IST" skipped="0">
  <testcase classname="com.testcases.DashboardPage" name="DashboardPage" time="19.545"/>
</testsuite> <!-- com.testcases.DashboardPage -->
